make --dry-run --always-make --keep-going --print-directory
make: Entering directory `/Users/vimercie/Documents/vimercie_GH/so_long'
/Applications/Xcode.app/Contents/Developer/usr/bin/make -C Libft
make[1]: Entering directory `/Users/vimercie/Documents/vimercie_GH/so_long/Libft'
mkdir -p obj
gcc -Wall -Wextra -Werror -c src/ft_isalnum.c -o obj/ft_isalnum.o
gcc -Wall -Wextra -Werror -c src/ft_isalpha.c -o obj/ft_isalpha.o
gcc -Wall -Wextra -Werror -c src/ft_isascii.c -o obj/ft_isascii.o
gcc -Wall -Wextra -Werror -c src/ft_isdigit.c -o obj/ft_isdigit.o
gcc -Wall -Wextra -Werror -c src/ft_isprint.c -o obj/ft_isprint.o
gcc -Wall -Wextra -Werror -c src/ft_strlen.c -o obj/ft_strlen.o
gcc -Wall -Wextra -Werror -c src/ft_memset.c -o obj/ft_memset.o
gcc -Wall -Wextra -Werror -c src/ft_bzero.c -o obj/ft_bzero.o
gcc -Wall -Wextra -Werror -c src/ft_memcpy.c -o obj/ft_memcpy.o
gcc -Wall -Wextra -Werror -c src/ft_memmove.c -o obj/ft_memmove.o
gcc -Wall -Wextra -Werror -c src/ft_strlcpy.c -o obj/ft_strlcpy.o
gcc -Wall -Wextra -Werror -c src/ft_toupper.c -o obj/ft_toupper.o
gcc -Wall -Wextra -Werror -c src/ft_tolower.c -o obj/ft_tolower.o
gcc -Wall -Wextra -Werror -c src/ft_strchr.c -o obj/ft_strchr.o
gcc -Wall -Wextra -Werror -c src/ft_strrchr.c -o obj/ft_strrchr.o
gcc -Wall -Wextra -Werror -c src/ft_strncmp.c -o obj/ft_strncmp.o
gcc -Wall -Wextra -Werror -c src/ft_memcmp.c -o obj/ft_memcmp.o
gcc -Wall -Wextra -Werror -c src/ft_strnstr.c -o obj/ft_strnstr.o
gcc -Wall -Wextra -Werror -c src/ft_atoi.c -o obj/ft_atoi.o
gcc -Wall -Wextra -Werror -c src/ft_calloc.c -o obj/ft_calloc.o
gcc -Wall -Wextra -Werror -c src/ft_memchr.c -o obj/ft_memchr.o
gcc -Wall -Wextra -Werror -c src/ft_strdup.c -o obj/ft_strdup.o
gcc -Wall -Wextra -Werror -c src/ft_strlcat.c -o obj/ft_strlcat.o
gcc -Wall -Wextra -Werror -c src/ft_substr.c -o obj/ft_substr.o
gcc -Wall -Wextra -Werror -c src/ft_strjoin.c -o obj/ft_strjoin.o
gcc -Wall -Wextra -Werror -c src/ft_strtrim.c -o obj/ft_strtrim.o
gcc -Wall -Wextra -Werror -c src/ft_strmapi.c -o obj/ft_strmapi.o
gcc -Wall -Wextra -Werror -c src/ft_striteri.c -o obj/ft_striteri.o
gcc -Wall -Wextra -Werror -c src/ft_putstr_fd.c -o obj/ft_putstr_fd.o
gcc -Wall -Wextra -Werror -c src/ft_putchar_fd.c -o obj/ft_putchar_fd.o
gcc -Wall -Wextra -Werror -c src/ft_putendl_fd.c -o obj/ft_putendl_fd.o
gcc -Wall -Wextra -Werror -c src/ft_putnbr_fd.c -o obj/ft_putnbr_fd.o
gcc -Wall -Wextra -Werror -c src/ft_split.c -o obj/ft_split.o
gcc -Wall -Wextra -Werror -c src/ft_itoa.c -o obj/ft_itoa.o
gcc -Wall -Wextra -Werror -c src/get_next_line.c -o obj/get_next_line.o
gcc -Wall -Wextra -Werror -c src/get_next_line_utils.c -o obj/get_next_line_utils.o
ar rc libft.a obj/ft_isalnum.o obj/ft_isalpha.o obj/ft_isascii.o obj/ft_isdigit.o obj/ft_isprint.o obj/ft_strlen.o obj/ft_memset.o obj/ft_bzero.o obj/ft_memcpy.o obj/ft_memmove.o obj/ft_strlcpy.o obj/ft_toupper.o obj/ft_tolower.o obj/ft_strchr.o obj/ft_strrchr.o obj/ft_strncmp.o obj/ft_memcmp.o obj/ft_strnstr.o obj/ft_atoi.o obj/ft_calloc.o obj/ft_memchr.o obj/ft_strdup.o obj/ft_strlcat.o obj/ft_substr.o obj/ft_strjoin.o obj/ft_strtrim.o obj/ft_strmapi.o obj/ft_striteri.o obj/ft_putstr_fd.o obj/ft_putchar_fd.o obj/ft_putendl_fd.o obj/ft_putnbr_fd.o obj/ft_split.o obj/ft_itoa.o obj/get_next_line.o obj/get_next_line_utils.o
make[1]: Leaving directory `/Users/vimercie/Documents/vimercie_GH/so_long/Libft'
/Applications/Xcode.app/Contents/Developer/usr/bin/make -C mlx
 
make[1]: Entering directory `/Users/vimercie/Documents/vimercie_GH/so_long/mlx'
swiftc  -I. -parse-as-library -c mlx_image.swift -o mlx_image.swiftmodule -emit-module -module-name mlx_image -module-link-name mlx_image
swiftc  -I. -parse-as-library -c mlx_window.swift -o mlx_window.swiftmodule -emit-module -module-name mlx_window -module-link-name mlx_window
swiftc  -I. -parse-as-library -c mlx_init.swift -o mlx_init.swiftmodule -emit-module -module-name mlx_init -module-link-name mlx_init
swiftc  -I. -parse-as-library -c interface.swift -o interface.o
swiftc  -I. -parse-as-library -c mlx_image.swift -o mlx_image.o
swiftc  -I. -parse-as-library -c mlx_window.swift -o mlx_window.o
swiftc  -I. -parse-as-library -c mlx_init.swift -o mlx_init.o
cc -O3   -c -o mlx_xpm.o mlx_xpm.c
cc -O3   -c -o mlx_png.o mlx_png.c
cc -O3   -c -o mlx_string_put.o mlx_string_put.c
swiftc  -I. -o libmlx.dylib -emit-library interface.o mlx_image.o mlx_window.o mlx_init.o mlx_xpm.o mlx_png.o mlx_string_put.o -lz
make[1]: Leaving directory `/Users/vimercie/Documents/vimercie_GH/so_long/mlx'
ln -sf mlx/libmlx.dylib
mkdir -p obj
 
cc -Wall -Wextra -Werror -Imlx -c src/main.c -o obj/main.o
cc -Wall -Wextra -Werror -Imlx -c src/utils.c -o obj/utils.o
cc -Wall -Wextra -Werror -Imlx -c src/main_mlx.c -o obj/main_mlx.o
cc -Wall -Wextra -Werror -Imlx -c src/utils_mlx.c -o obj/utils_mlx.o
cc -Wall -Wextra -Werror -Imlx -c src/events_mlx.c -o obj/events_mlx.o
cc -Wall -Wextra -Werror -Imlx -c src/parsing.c -o obj/parsing.o
cc -Wall -Wextra -Werror -Imlx -c src/checking.c -o obj/checking.o
cc -Wall -Wextra -Werror -Imlx -c src/movements.c -o obj/movements.o
cc obj/main.o obj/utils.o obj/main_mlx.o obj/utils_mlx.o obj/events_mlx.o obj/parsing.o obj/checking.o obj/movements.o Libft/libft.a libmlx.dylib -Lmlx -lmlx -framework OpenGL -framework AppKit -o so_long
make: Leaving directory `/Users/vimercie/Documents/vimercie_GH/so_long'
 
